<?xml version="1.0" encoding="UTF-8"?>
<!-- Generated by org.testng.reporters.JUnitReportReporter -->
<testsuite hostname="DESKTOP-8S7ELU3" failures="0" tests="6" name="testclasses.JiraTicketsTest" time="13.305" errors="0" timestamp="2024-08-18T21:22:40 IST" skipped="0">
  <testcase classname="testclasses.JiraTicketsTest" name="addTicketTest" time="7.676"/>
  <system-out/>
  <testcase classname="testclasses.JiraTicketsTest" name="getTicketToCheckPostTest" time="0.923"/>
  <system-out/>
  <testcase classname="testclasses.JiraTicketsTest" name="modifyTicketTest" time="0.896"/>
  <system-out/>
  <testcase classname="testclasses.JiraTicketsTest" name="getTicketToCheckPutTest" time="1.358"/>
  <system-out/>
  <testcase classname="testclasses.JiraTicketsTest" name="deleteTicketTest" time="1.226"/>
  <system-out/>
  <testcase classname="testclasses.JiraTicketsTest" name="getTicketToCheckDeleteTest" time="1.226"/>
  <system-out/>
</testsuite> <!-- testclasses.JiraTicketsTest -->
