<?xml version="1.0" encoding="UTF-8"?>
<!-- Generated by org.testng.reporters.JUnitReportReporter -->
<testsuite hostname="DESKTOP-8S7ELU3" failures="0" tests="4" name="testclasses.JiraProjects" time="14.394" errors="0" timestamp="2024-08-18T13:08:13 IST" skipped="0">
  <testcase classname="testclasses.JiraProjects" name="getAllProjectsTest" time="3.855"/>
  <system-out/>
  <testcase classname="testclasses.JiraProjects" name="addProjectTest" time="8.339"/>
  <system-out/>
  <testcase classname="testclasses.JiraProjects" name="modifyProjectTest" time="1.217"/>
  <system-out/>
  <testcase classname="testclasses.JiraProjects" name="deleteProjectTest" time="0.983"/>
  <system-out/>
</testsuite> <!-- testclasses.JiraProjects -->
